/*C2*/SET SCHEMA PUBLIC
INSERT INTO WORK_ROLE VALUES(7,'Programledare','Tv4',70000.0E0,'2024-12-16')
COMMIT
DISCONNECT
/*C3*/SET SCHEMA PUBLIC
DISCONNECT
/*C4*/SET SCHEMA PUBLIC
DISCONNECT
/*C5*/SET SCHEMA PUBLIC
DISCONNECT
/*C6*/SET SCHEMA PUBLIC
DELETE FROM WORK_ROLE WHERE ROLE_ID=7
INSERT INTO WORK_ROLE VALUES(7,'Programledare','tv3',60000.0E0,'2024-12-16')
COMMIT
DISCONNECT
/*C7*/SET SCHEMA PUBLIC
DISCONNECT
/*C8*/SET SCHEMA PUBLIC
DISCONNECT
/*C9*/SET SCHEMA PUBLIC
DELETE FROM WORK_ROLE WHERE ROLE_ID=7
COMMIT
DISCONNECT
/*C10*/SET SCHEMA PUBLIC
DISCONNECT
